{
  "stats": {
    "suites": 38,
    "tests": 314,
    "passes": 288,
    "pending": 0,
    "failures": 26,
    "start": "2020-12-06T10:45:45.534Z",
    "end": "2020-12-06T10:45:45.965Z",
    "duration": 431,
    "testsRegistered": 314,
    "passPercent": 91.71974522292994,
    "pendingPercent": 0,
    "other": 0,
    "hasOther": false,
    "skipped": 0,
    "hasSkipped": false
  },
  "results": [
    {
      "uuid": "0cbd6436-9ba0-4f70-83df-104bcdf53162",
      "title": "",
      "fullFile": "",
      "file": "",
      "beforeHooks": [],
      "afterHooks": [],
      "tests": [],
      "suites": [
        {
          "uuid": "0d9889d3-a447-472b-8320-e19427d78b37",
          "title": "Add",
          "fullFile": "F:\\Git\\Software Testing\\COMP.SE.200-2020-assignment\\test\\arithmetic.test.js",
          "file": "\\test\\arithmetic.test.js",
          "beforeHooks": [],
          "afterHooks": [],
          "tests": [
            {
              "title": "Add a basic numbers",
              "fullTitle": "Add Add a basic numbers",
              "timedOut": false,
              "duration": 1,
              "state": "passed",
              "speed": "fast",
              "pass": true,
              "fail": false,
              "pending": false,
              "context": null,
              "code": "let currentDataArray = module.MODEL.get(testCase)\nlet expectedData = module.EXPECTED.get(testCase)\nlet dataLength = currentDataArray.length\nfor (let pos = 0; pos < dataLength; pos++ ) {\n    if (module.DESCRIPTION == modules.CLAMP.DESCRIPTION) {\n        // Clamp has 3 parameters\n        expect( module.func(currentDataArray[pos].p1,\n            currentDataArray[pos].p2, \n            currentDataArray[pos].p3) ).\n            to.equal(expectedData[pos])\n    } else {\n        // Other modules have either 2 or 1\n        expect( module.func(currentDataArray[pos].p1,\n            currentDataArray[pos].p2)).to.equal(expectedData[pos])\n    }\n}",
              "err": {},
              "uuid": "3a5d5bec-9e4a-4eb7-9917-853ca9288ab5",
              "parentUUID": "0d9889d3-a447-472b-8320-e19427d78b37",
              "isHook": false,
              "skipped": false
            },
            {
              "title": "Limit values",
              "fullTitle": "Add Limit values",
              "timedOut": false,
              "duration": 0,
              "state": "passed",
              "speed": "fast",
              "pass": true,
              "fail": false,
              "pending": false,
              "context": null,
              "code": "let currentDataArray = module.MODEL.get(testCase)\nlet expectedData = module.EXPECTED.get(testCase)\nlet dataLength = currentDataArray.length\nfor (let pos = 0; pos < dataLength; pos++ ) {\n    if (module.DESCRIPTION == modules.CLAMP.DESCRIPTION) {\n        // Clamp has 3 parameters\n        expect( module.func(currentDataArray[pos].p1,\n            currentDataArray[pos].p2, \n            currentDataArray[pos].p3) ).\n            to.equal(expectedData[pos])\n    } else {\n        // Other modules have either 2 or 1\n        expect( module.func(currentDataArray[pos].p1,\n            currentDataArray[pos].p2)).to.equal(expectedData[pos])\n    }\n}",
              "err": {},
              "uuid": "e9cc64a8-7602-4483-8ef9-b01b747b0525",
              "parentUUID": "0d9889d3-a447-472b-8320-e19427d78b37",
              "isHook": false,
              "skipped": false
            }
          ],
          "suites": [],
          "passes": [
            "3a5d5bec-9e4a-4eb7-9917-853ca9288ab5",
            "e9cc64a8-7602-4483-8ef9-b01b747b0525"
          ],
          "failures": [],
          "pending": [],
          "skipped": [],
          "duration": 1,
          "root": false,
          "rootEmpty": false,
          "_timeout": 2000
        },
        {
          "uuid": "d60870e1-3e78-4e33-864d-f7bd228bf909",
          "title": "Divide",
          "fullFile": "F:\\Git\\Software Testing\\COMP.SE.200-2020-assignment\\test\\arithmetic.test.js",
          "file": "\\test\\arithmetic.test.js",
          "beforeHooks": [],
          "afterHooks": [],
          "tests": [
            {
              "title": "Divide a basic numbers",
              "fullTitle": "Divide Divide a basic numbers",
              "timedOut": false,
              "duration": 0,
              "state": "failed",
              "speed": null,
              "pass": false,
              "fail": true,
              "pending": false,
              "context": null,
              "code": "let currentDataArray = module.MODEL.get(testCase)\nlet expectedData = module.EXPECTED.get(testCase)\nlet dataLength = currentDataArray.length\nfor (let pos = 0; pos < dataLength; pos++ ) {\n    if (module.DESCRIPTION == modules.CLAMP.DESCRIPTION) {\n        // Clamp has 3 parameters\n        expect( module.func(currentDataArray[pos].p1,\n            currentDataArray[pos].p2, \n            currentDataArray[pos].p3) ).\n            to.equal(expectedData[pos])\n    } else {\n        // Other modules have either 2 or 1\n        expect( module.func(currentDataArray[pos].p1,\n            currentDataArray[pos].p2)).to.equal(expectedData[pos])\n    }\n}",
              "err": {
                "message": "AssertionError: expected 1 to equal 7",
                "estack": "AssertionError: expected 1 to equal 7\n    at Context.<anonymous> (file:///F:/Git/Software%20Testing/COMP.SE.200-2020-assignment/test/arithmetic.test.js:101:63)\n    at processImmediate (internal/timers.js:456:21)",
                "diff": "- 1\n+ 7\n"
              },
              "uuid": "0b2ef22e-90d9-4e79-bc73-bf31fcc3d1c8",
              "parentUUID": "d60870e1-3e78-4e33-864d-f7bd228bf909",
              "isHook": false,
              "skipped": false
            },
            {
              "title": "Limit values",
              "fullTitle": "Divide Limit values",
              "timedOut": false,
              "duration": 0,
              "state": "failed",
              "speed": null,
              "pass": false,
              "fail": true,
              "pending": false,
              "context": null,
              "code": "let currentDataArray = module.MODEL.get(testCase)\nlet expectedData = module.EXPECTED.get(testCase)\nlet dataLength = currentDataArray.length\nfor (let pos = 0; pos < dataLength; pos++ ) {\n    if (module.DESCRIPTION == modules.CLAMP.DESCRIPTION) {\n        // Clamp has 3 parameters\n        expect( module.func(currentDataArray[pos].p1,\n            currentDataArray[pos].p2, \n            currentDataArray[pos].p3) ).\n            to.equal(expectedData[pos])\n    } else {\n        // Other modules have either 2 or 1\n        expect( module.func(currentDataArray[pos].p1,\n            currentDataArray[pos].p2)).to.equal(expectedData[pos])\n    }\n}",
              "err": {
                "message": "AssertionError: expected NaN to equal 0",
                "estack": "AssertionError: expected NaN to equal 0\n    at Context.<anonymous> (file:///F:/Git/Software%20Testing/COMP.SE.200-2020-assignment/test/arithmetic.test.js:101:63)\n    at processImmediate (internal/timers.js:456:21)",
                "diff": "- NaN\n+ 0\n"
              },
              "uuid": "68bfd669-8cce-432c-9f6a-a85696f2a63f",
              "parentUUID": "d60870e1-3e78-4e33-864d-f7bd228bf909",
              "isHook": false,
              "skipped": false
            }
          ],
          "suites": [],
          "passes": [],
          "failures": [
            "0b2ef22e-90d9-4e79-bc73-bf31fcc3d1c8",
            "68bfd669-8cce-432c-9f6a-a85696f2a63f"
          ],
          "pending": [],
          "skipped": [],
          "duration": 0,
          "root": false,
          "rootEmpty": false,
          "_timeout": 2000
        },
        {
          "uuid": "f9dff87c-02f4-4317-89ec-418ac1fb4132",
          "title": "Clamp",
          "fullFile": "F:\\Git\\Software Testing\\COMP.SE.200-2020-assignment\\test\\arithmetic.test.js",
          "file": "\\test\\arithmetic.test.js",
          "beforeHooks": [],
          "afterHooks": [],
          "tests": [
            {
              "title": "Clamp a basic number",
              "fullTitle": "Clamp Clamp a basic number",
              "timedOut": false,
              "duration": 0,
              "state": "failed",
              "speed": null,
              "pass": false,
              "fail": true,
              "pending": false,
              "context": null,
              "code": "let currentDataArray = module.MODEL.get(testCase)\nlet expectedData = module.EXPECTED.get(testCase)\nlet dataLength = currentDataArray.length\nfor (let pos = 0; pos < dataLength; pos++ ) {\n    if (module.DESCRIPTION == modules.CLAMP.DESCRIPTION) {\n        // Clamp has 3 parameters\n        expect( module.func(currentDataArray[pos].p1,\n            currentDataArray[pos].p2, \n            currentDataArray[pos].p3) ).\n            to.equal(expectedData[pos])\n    } else {\n        // Other modules have either 2 or 1\n        expect( module.func(currentDataArray[pos].p1,\n            currentDataArray[pos].p2)).to.equal(expectedData[pos])\n    }\n}",
              "err": {
                "message": "AssertionError: expected -5 to equal 5",
                "estack": "AssertionError: expected -5 to equal 5\n    at Context.<anonymous> (file:///F:/Git/Software%20Testing/COMP.SE.200-2020-assignment/test/arithmetic.test.js:97:36)\n    at processImmediate (internal/timers.js:456:21)",
                "diff": "- -5\n+ 5\n"
              },
              "uuid": "f94ca230-642f-4a2c-b7db-e7dfd8467458",
              "parentUUID": "f9dff87c-02f4-4317-89ec-418ac1fb4132",
              "isHook": false,
              "skipped": false
            }
          ],
          "suites": [],
          "passes": [],
          "failures": [
            "f94ca230-642f-4a2c-b7db-e7dfd8467458"
          ],
          "pending": [],
          "skipped": [],
          "duration": 0,
          "root": false,
          "rootEmpty": false,
          "_timeout": 2000
        },
        {
          "uuid": "8d1dbefa-4324-4053-8ecd-49c99d26aaf9",
          "title": "Ceil",
          "fullFile": "F:\\Git\\Software Testing\\COMP.SE.200-2020-assignment\\test\\arithmetic.test.js",
          "file": "\\test\\arithmetic.test.js",
          "beforeHooks": [],
          "afterHooks": [],
          "tests": [
            {
              "title": "Ceil a basic number",
              "fullTitle": "Ceil Ceil a basic number",
              "timedOut": false,
              "duration": 0,
              "state": "passed",
              "speed": "fast",
              "pass": true,
              "fail": false,
              "pending": false,
              "context": null,
              "code": "let currentDataArray = module.MODEL.get(testCase)\nlet expectedData = module.EXPECTED.get(testCase)\nlet dataLength = currentDataArray.length\nfor (let pos = 0; pos < dataLength; pos++ ) {\n    if (module.DESCRIPTION == modules.CLAMP.DESCRIPTION) {\n        // Clamp has 3 parameters\n        expect( module.func(currentDataArray[pos].p1,\n            currentDataArray[pos].p2, \n            currentDataArray[pos].p3) ).\n            to.equal(expectedData[pos])\n    } else {\n        // Other modules have either 2 or 1\n        expect( module.func(currentDataArray[pos].p1,\n            currentDataArray[pos].p2)).to.equal(expectedData[pos])\n    }\n}",
              "err": {},
              "uuid": "dbd7cdb0-b032-41ca-a324-8d7d963e0c4e",
              "parentUUID": "8d1dbefa-4324-4053-8ecd-49c99d26aaf9",
              "isHook": false,
              "skipped": false
            },
            {
              "title": "Limit values",
              "fullTitle": "Ceil Limit values",
              "timedOut": false,
              "duration": 0,
              "state": "passed",
              "speed": "fast",
              "pass": true,
              "fail": false,
              "pending": false,
              "context": null,
              "code": "let currentDataArray = module.MODEL.get(testCase)\nlet expectedData = module.EXPECTED.get(testCase)\nlet dataLength = currentDataArray.length\nfor (let pos = 0; pos < dataLength; pos++ ) {\n    if (module.DESCRIPTION == modules.CLAMP.DESCRIPTION) {\n        // Clamp has 3 parameters\n        expect( module.func(currentDataArray[pos].p1,\n            currentDataArray[pos].p2, \n            currentDataArray[pos].p3) ).\n            to.equal(expectedData[pos])\n    } else {\n        // Other modules have either 2 or 1\n        expect( module.func(currentDataArray[pos].p1,\n            currentDataArray[pos].p2)).to.equal(expectedData[pos])\n    }\n}",
              "err": {},
              "uuid": "23e71333-6f5e-4f15-8f9e-5818f551bf88",
              "parentUUID": "8d1dbefa-4324-4053-8ecd-49c99d26aaf9",
              "isHook": false,
              "skipped": false
            }
          ],
          "suites": [],
          "passes": [
            "dbd7cdb0-b032-41ca-a324-8d7d963e0c4e",
            "23e71333-6f5e-4f15-8f9e-5818f551bf88"
          ],
          "failures": [],
          "pending": [],
          "skipped": [],
          "duration": 0,
          "root": false,
          "rootEmpty": false,
          "_timeout": 2000
        },
        {
          "uuid": "52cbdf1e-ac33-4bd9-9b94-2ef587e7840a",
          "title": "chunk",
          "fullFile": "F:\\Git\\Software Testing\\COMP.SE.200-2020-assignment\\test\\array.test.js",
          "file": "\\test\\array.test.js",
          "beforeHooks": [],
          "afterHooks": [],
          "tests": [
            {
              "title": "Number array: Array divided even",
              "fullTitle": "chunk Number array: Array divided even",
              "timedOut": false,
              "duration": 1,
              "state": "failed",
              "speed": null,
              "pass": false,
              "fail": true,
              "pending": false,
              "context": null,
              "code": "expect(chunk(testArrays.NUMBER, 2)).to.eql(\n    [[0, 1], [2, -1], [10, 0], [40, -10], [-11, 9], [-10, 5]]\n)",
              "err": {
                "message": "AssertionError: expected [ [ -10, 5 ], , , , ,  ] to deeply equal [ Array(6) ]",
                "estack": "AssertionError: expected [ [ -10, 5 ], , , , ,  ] to deeply equal [ Array(6) ]\n    at Context.<anonymous> (file:///F:/Git/Software%20Testing/COMP.SE.200-2020-assignment/test/array.test.js:36:52)\n    at processImmediate (internal/timers.js:456:21)",
                "diff": " [\n   [\n+     0\n+     1\n+   ]\n+   [\n+     2\n+     -1\n+   ]\n+   [\n+     10\n+     0\n+   ]\n+   [\n+     40\n     -10\n+   ]\n+   [\n+     -11\n+     9\n+   ]\n+   [\n+     -10\n     5\n   ]\n ]\n"
              },
              "uuid": "388e2de5-8190-4e86-b1cd-96b6d5fac247",
              "parentUUID": "52cbdf1e-ac33-4bd9-9b94-2ef587e7840a",
              "isHook": false,
              "skipped": false
            },
            {
              "title": "String array: Array not divided even",
              "fullTitle": "chunk String array: Array not divided even",
              "timedOut": false,
              "duration": 0,
              "state": "failed",
              "speed": null,
              "pass": false,
              "fail": true,
              "pending": false,
              "context": null,
              "code": "expect(\n    chunk(testArrays.STRING, 5)).to.eql(\n    [[0, 1, 2, -1, 10], [0, 40, -10, -11, 9], [-10, 5]]\n)",
              "err": {
                "message": "AssertionError: expected [ Array(3) ] to deeply equal [ Array(3) ]",
                "estack": "AssertionError: expected [ Array(3) ] to deeply equal [ Array(3) ]\n    at Context.<anonymous> (file:///F:/Git/Software%20Testing/COMP.SE.200-2020-assignment/test/array.test.js:42:49)\n    at processImmediate (internal/timers.js:456:21)",
                "diff": " [\n   [\n-     \"es\"\n-     \"5.\"\n-     [undefined]\n-     [undefined]\n-     [undefined]\n+     0\n+     1\n+     2\n+     -1\n+     10\n   ]\n+   [\n+     0\n+     40\n+     -10\n+     -11\n+     9\n+   ]\n+   [\n+     -10\n+     5\n+   ]\n ]\n"
              },
              "uuid": "fd6ed618-83e0-4445-9466-0de0c5dae89c",
              "parentUUID": "52cbdf1e-ac33-4bd9-9b94-2ef587e7840a",
              "isHook": false,
              "skipped": false
            },
            {
              "title": "Empty array",
              "fullTitle": "chunk Empty array",
              "timedOut": false,
              "duration": 0,
              "state": "passed",
              "speed": "fast",
              "pass": true,
              "fail": false,
              "pending": false,
              "context": null,
              "code": "expect(\n    chunk([], 5)).to.eql(\n    []\n)",
              "err": {},
              "uuid": "e2842204-a0f4-4ee0-9b4f-e05dee5497aa",
              "parentUUID": "52cbdf1e-ac33-4bd9-9b94-2ef587e7840a",
              "isHook": false,
              "skipped": false
            },
            {
              "title": "Chunk by zero",
              "fullTitle": "chunk Chunk by zero",
              "timedOut": false,
              "duration": 0,
              "state": "passed",
              "speed": "fast",
              "pass": true,
              "fail": false,
              "pending": false,
              "context": null,
              "code": "expect(\n    chunk(testArrays.NUMBER, 0)).to.eql(\n    []\n)",
              "err": {},
              "uuid": "f276aade-a058-4096-a2de-bfeb5a6e7bf2",
              "parentUUID": "52cbdf1e-ac33-4bd9-9b94-2ef587e7840a",
              "isHook": false,
              "skipped": false
            }
          ],
          "suites": [],
          "passes": [
            "e2842204-a0f4-4ee0-9b4f-e05dee5497aa",
            "f276aade-a058-4096-a2de-bfeb5a6e7bf2"
          ],
          "failures": [
            "388e2de5-8190-4e86-b1cd-96b6d5fac247",
            "fd6ed618-83e0-4445-9466-0de0c5dae89c"
          ],
          "pending": [],
          "skipped": [],
          "duration": 1,
          "root": false,
          "rootEmpty": false,
          "_timeout": 2000
        },
        {
          "uuid": "ca265eb7-05cc-463a-89bb-91877d998149",
          "title": "compact",
          "fullFile": "F:\\Git\\Software Testing\\COMP.SE.200-2020-assignment\\test\\array.test.js",
          "file": "\\test\\array.test.js",
          "beforeHooks": [],
          "afterHooks": [],
          "tests": [
            {
              "title": "No falsey values",
              "fullTitle": "compact No falsey values",
              "timedOut": false,
              "duration": 1,
              "state": "failed",
              "speed": null,
              "pass": false,
              "fail": true,
              "pending": false,
              "context": null,
              "code": "expect(compact(testArrays.STRING))\n    .to.eql(\n        testArrays.STRING\n    )",
              "err": {
                "message": "AssertionError: expected [ Array(11) ] to deeply equal [ Array(12) ]",
                "estack": "AssertionError: expected [ Array(11) ] to deeply equal [ Array(12) ]\n    at Context.<anonymous> (file:///F:/Git/Software%20Testing/COMP.SE.200-2020-assignment/test/array.test.js:67:21)\n    at processImmediate (internal/timers.js:456:21)",
                "diff": " [\n+   \"a\"\n   \"5.\"\n   \"c\"\n   \"d\"\n   \"es\"\n"
              },
              "uuid": "395a3e51-a575-41a4-9afe-16ec70c8f08c",
              "parentUUID": "ca265eb7-05cc-463a-89bb-91877d998149",
              "isHook": false,
              "skipped": false
            },
            {
              "title": "Falsey values",
              "fullTitle": "compact Falsey values",
              "timedOut": false,
              "duration": 1,
              "state": "failed",
              "speed": null,
              "pass": false,
              "fail": true,
              "pending": false,
              "context": null,
              "code": "expect(compact(\n        [true, false, null, 0, \"\", undefined, NaN, 1, \"nice\"]))\n    .to.eql(\n        [true, 1, \"nice\"]\n    )",
              "err": {
                "message": "AssertionError: expected [ 1, 'nice', '-1': true ] to deeply equal [ true, 1, 'nice' ]",
                "estack": "AssertionError: expected [ 1, 'nice', '-1': true ] to deeply equal [ true, 1, 'nice' ]\n    at Context.<anonymous> (file:///F:/Git/Software%20Testing/COMP.SE.200-2020-assignment/test/array.test.js:74:21)\n    at processImmediate (internal/timers.js:456:21)",
                "diff": " [\n+   true\n   1\n   \"nice\"\n ]\n"
              },
              "uuid": "c0d3d5a8-7b46-4448-96ff-a5b30cce6da8",
              "parentUUID": "ca265eb7-05cc-463a-89bb-91877d998149",
              "isHook": false,
              "skipped": false
            }
          ],
          "suites": [],
          "passes": [],
          "failures": [
            "395a3e51-a575-41a4-9afe-16ec70c8f08c",
            "c0d3d5a8-7b46-4448-96ff-a5b30cce6da8"
          ],
          "pending": [],
          "skipped": [],
          "duration": 2,
          "root": false,
          "rootEmpty": false,
          "_timeout": 2000
        },
        {
          "uuid": "a265c1f1-c99f-4d29-9bf6-cba7af836f3d",
          "title": "difference",
          "fullFile": "F:\\Git\\Software Testing\\COMP.SE.200-2020-assignment\\test\\array.test.js",
          "file": "\\test\\array.test.js",
          "beforeHooks": [],
          "afterHooks": [],
          "tests": [
            {
              "title": "Number array",
              "fullTitle": "difference Number array",
              "timedOut": false,
              "duration": 1,
              "state": "passed",
              "speed": "fast",
              "pass": true,
              "fail": false,
              "pending": false,
              "context": null,
              "code": "expect(difference(testArrays.NUMBER, testArrays.DIFFERENCE))\n    .to.eql(\n        [1, 2, -1, 10, 40, -11, 9]\n    )",
              "err": {},
              "uuid": "bd99b416-8d0a-4a98-bba2-7dba0ab6aae4",
              "parentUUID": "a265c1f1-c99f-4d29-9bf6-cba7af836f3d",
              "isHook": false,
              "skipped": false
            },
            {
              "title": "Mixed array",
              "fullTitle": "difference Mixed array",
              "timedOut": false,
              "duration": 0,
              "state": "passed",
              "speed": "fast",
              "pass": true,
              "fail": false,
              "pending": false,
              "context": null,
              "code": "expect(difference(testArrays.MIXED, testArrays.DIFFERENCE))\n    .to.eql(\n        [true, \"stringa\"]\n    )",
              "err": {},
              "uuid": "4f9a4691-e5ea-4627-a8ea-a521092a7d73",
              "parentUUID": "a265c1f1-c99f-4d29-9bf6-cba7af836f3d",
              "isHook": false,
              "skipped": false
            },
            {
              "title": "Empty inputs",
              "fullTitle": "difference Empty inputs",
              "timedOut": false,
              "duration": 0,
              "state": "passed",
              "speed": "fast",
              "pass": true,
              "fail": false,
              "pending": false,
              "context": null,
              "code": "expect(difference([], []))\n    .to.eql(\n        []\n    )",
              "err": {},
              "uuid": "9757b922-c20a-4688-af1a-e859e2755ed5",
              "parentUUID": "a265c1f1-c99f-4d29-9bf6-cba7af836f3d",
              "isHook": false,
              "skipped": false
            }
          ],
          "suites": [],
          "passes": [
            "bd99b416-8d0a-4a98-bba2-7dba0ab6aae4",
            "4f9a4691-e5ea-4627-a8ea-a521092a7d73",
            "9757b922-c20a-4688-af1a-e859e2755ed5"
          ],
          "failures": [],
          "pending": [],
          "skipped": [],
          "duration": 1,
          "root": false,
          "rootEmpty": false,
          "_timeout": 2000
        },
        {
          "uuid": "06d7ce66-d77f-4c34-aef5-caa9e5f48b2d",
          "title": "drop",
          "fullFile": "F:\\Git\\Software Testing\\COMP.SE.200-2020-assignment\\test\\array.test.js",
          "file": "\\test\\array.test.js",
          "beforeHooks": [],
          "afterHooks": [],
          "tests": [
            {
              "title": "Drop 0",
              "fullTitle": "drop Drop 0",
              "timedOut": false,
              "duration": 0,
              "state": "passed",
              "speed": "fast",
              "pass": true,
              "fail": false,
              "pending": false,
              "context": null,
              "code": "expect(drop(testArrays.NUMBER, 0))\n    .to.eql(\n        testArrays.NUMBER\n    )",
              "err": {},
              "uuid": "845d2cca-97c5-4eae-9d17-d1db298e29bd",
              "parentUUID": "06d7ce66-d77f-4c34-aef5-caa9e5f48b2d",
              "isHook": false,
              "skipped": false
            },
            {
              "title": "Drop n>array.length",
              "fullTitle": "drop Drop n>array.length",
              "timedOut": false,
              "duration": 0,
              "state": "passed",
              "speed": "fast",
              "pass": true,
              "fail": false,
              "pending": false,
              "context": null,
              "code": "expect(drop(testArrays.STRING, 20))\n    .to.eql(\n        []\n    )",
              "err": {},
              "uuid": "ce08fdcc-c40e-4031-8c7a-b89b0f88036d",
              "parentUUID": "06d7ce66-d77f-4c34-aef5-caa9e5f48b2d",
              "isHook": false,
              "skipped": false
            },
            {
              "title": "Drop 0<n<array.length",
              "fullTitle": "drop Drop 0<n<array.length",
              "timedOut": false,
              "duration": 0,
              "state": "passed",
              "speed": "fast",
              "pass": true,
              "fail": false,
              "pending": false,
              "context": null,
              "code": "expect(drop(testArrays.MIXED, 3))\n    .to.eql(\n        [NaN, \"stringa\", \"90\", Infinity]\n    )",
              "err": {},
              "uuid": "c56adec7-8c10-4df3-934e-82accb19ab90",
              "parentUUID": "06d7ce66-d77f-4c34-aef5-caa9e5f48b2d",
              "isHook": false,
              "skipped": false
            },
            {
              "title": "Empty input",
              "fullTitle": "drop Empty input",
              "timedOut": false,
              "duration": 0,
              "state": "passed",
              "speed": "fast",
              "pass": true,
              "fail": false,
              "pending": false,
              "context": null,
              "code": "expect(drop([], 20))\n    .to.eql(\n        []\n    )",
              "err": {},
              "uuid": "30d6789e-c385-4a27-a218-8800de32ce93",
              "parentUUID": "06d7ce66-d77f-4c34-aef5-caa9e5f48b2d",
              "isHook": false,
              "skipped": false
            }
          ],
          "suites": [],
          "passes": [
            "845d2cca-97c5-4eae-9d17-d1db298e29bd",
            "ce08fdcc-c40e-4031-8c7a-b89b0f88036d",
            "c56adec7-8c10-4df3-934e-82accb19ab90",
            "30d6789e-c385-4a27-a218-8800de32ce93"
          ],
          "failures": [],
          "pending": [],
          "skipped": [],
          "duration": 0,
          "root": false,
          "rootEmpty": false,
          "_timeout": 2000
        },
        {
          "uuid": "125bab2c-34bd-4fd4-9519-08b8841c0b5d",
          "title": "every",
          "fullFile": "F:\\Git\\Software Testing\\COMP.SE.200-2020-assignment\\test\\array.test.js",
          "file": "\\test\\array.test.js",
          "beforeHooks": [],
          "afterHooks": [],
          "tests": [
            {
              "title": "All true",
              "fullTitle": "every All true",
              "timedOut": false,
              "duration": 1,
              "state": "passed",
              "speed": "fast",
              "pass": true,
              "fail": false,
              "pending": false,
              "context": null,
              "code": "expect(every(testArrays.NUMBER, predicate))\n    .to.equal(\n        true\n    )",
              "err": {},
              "uuid": "05d241fa-b5be-4da3-8a96-b66c2c7cc683",
              "parentUUID": "125bab2c-34bd-4fd4-9519-08b8841c0b5d",
              "isHook": false,
              "skipped": false
            },
            {
              "title": "Some false",
              "fullTitle": "every Some false",
              "timedOut": false,
              "duration": 0,
              "state": "passed",
              "speed": "fast",
              "pass": true,
              "fail": false,
              "pending": false,
              "context": null,
              "code": "expect(every(testArrays.DIFFERENCE, predicate))\n    .to.equal(\n        false\n    )",
              "err": {},
              "uuid": "fe83c839-6d42-4678-9723-843ef40817a7",
              "parentUUID": "125bab2c-34bd-4fd4-9519-08b8841c0b5d",
              "isHook": false,
              "skipped": false
            },
            {
              "title": "Empty input",
              "fullTitle": "every Empty input",
              "timedOut": false,
              "duration": 0,
              "state": "passed",
              "speed": "fast",
              "pass": true,
              "fail": false,
              "pending": false,
              "context": null,
              "code": "expect(every([], predicate))\n    .to.equal(\n        true\n    )",
              "err": {},
              "uuid": "2499625c-a9bb-4b9b-a269-dc8d80d0cda9",
              "parentUUID": "125bab2c-34bd-4fd4-9519-08b8841c0b5d",
              "isHook": false,
              "skipped": false
            }
          ],
          "suites": [],
          "passes": [
            "05d241fa-b5be-4da3-8a96-b66c2c7cc683",
            "fe83c839-6d42-4678-9723-843ef40817a7",
            "2499625c-a9bb-4b9b-a269-dc8d80d0cda9"
          ],
          "failures": [],
          "pending": [],
          "skipped": [],
          "duration": 1,
          "root": false,
          "rootEmpty": false,
          "_timeout": 2000
        },
        {
          "uuid": "ee58093e-effe-49b2-973d-19035f3fd915",
          "title": "filter",
          "fullFile": "F:\\Git\\Software Testing\\COMP.SE.200-2020-assignment\\test\\array.test.js",
          "file": "\\test\\array.test.js",
          "beforeHooks": [],
          "afterHooks": [],
          "tests": [
            {
              "title": "All true",
              "fullTitle": "filter All true",
              "timedOut": false,
              "duration": 0,
              "state": "passed",
              "speed": "fast",
              "pass": true,
              "fail": false,
              "pending": false,
              "context": null,
              "code": "expect(filter(testArrays.NUMBER, predicate))\n    .to.eql(\n        [0, 1, 2, -1, 10, 0, 40, -10, -11, 9]\n    )",
              "err": {},
              "uuid": "6e84f17d-7976-4dbc-9fd7-38bd035e452e",
              "parentUUID": "ee58093e-effe-49b2-973d-19035f3fd915",
              "isHook": false,
              "skipped": false
            },
            {
              "title": "Some false",
              "fullTitle": "filter Some false",
              "timedOut": false,
              "duration": 0,
              "state": "passed",
              "speed": "fast",
              "pass": true,
              "fail": false,
              "pending": false,
              "context": null,
              "code": "expect(filter(testArrays.DIFFERENCE, predicate))\n    .to.eql(\n        [0, -10, 5, 3, 4, false]\n    )",
              "err": {},
              "uuid": "2ab442b3-de4f-43fa-9801-b96f0587cd4a",
              "parentUUID": "ee58093e-effe-49b2-973d-19035f3fd915",
              "isHook": false,
              "skipped": false
            },
            {
              "title": "Empty input",
              "fullTitle": "filter Empty input",
              "timedOut": false,
              "duration": 0,
              "state": "failed",
              "speed": null,
              "pass": false,
              "fail": true,
              "pending": false,
              "context": null,
              "code": "expect(filter([], predicate))\n    .to.eql(\n        []\n    )",
              "err": {
                "message": "AssertionError: expected [ [] ] to deeply equal []",
                "estack": "AssertionError: expected [ [] ] to deeply equal []\n    at Context.<anonymous> (file:///F:/Git/Software%20Testing/COMP.SE.200-2020-assignment/test/array.test.js:180:21)\n    at processImmediate (internal/timers.js:456:21)",
                "diff": "- [\n-   []\n- ]\n+ []\n"
              },
              "uuid": "e8b8af9a-291f-4556-8012-63a424f8e785",
              "parentUUID": "ee58093e-effe-49b2-973d-19035f3fd915",
              "isHook": false,
              "skipped": false
            }
          ],
          "suites": [],
          "passes": [
            "6e84f17d-7976-4dbc-9fd7-38bd035e452e",
            "2ab442b3-de4f-43fa-9801-b96f0587cd4a"
          ],
          "failures": [
            "e8b8af9a-291f-4556-8012-63a424f8e785"
          ],
          "pending": [],
          "skipped": [],
          "duration": 0,
          "root": false,
          "rootEmpty": false,
          "_timeout": 2000
        },
        {
          "uuid": "6ca5dca1-fd31-4047-8bd6-924fdb281ab2",
          "title": "map",
          "fullFile": "F:\\Git\\Software Testing\\COMP.SE.200-2020-assignment\\test\\array.test.js",
          "file": "\\test\\array.test.js",
          "beforeHooks": [],
          "afterHooks": [],
          "tests": [
            {
              "title": "Positive case",
              "fullTitle": "map Positive case",
              "timedOut": false,
              "duration": 0,
              "state": "passed",
              "speed": "fast",
              "pass": true,
              "fail": false,
              "pending": false,
              "context": null,
              "code": "expect(map(testArrays.NUMBER, iteratee))\n    .to.eql(\n        [5, 7, 9, 7, 19, 10, 51, 2, 2, 23, 5, 21]\n    )",
              "err": {},
              "uuid": "38c20ae5-050c-4132-a6ae-86982494d32a",
              "parentUUID": "6ca5dca1-fd31-4047-8bd6-924fdb281ab2",
              "isHook": false,
              "skipped": false
            },
            {
              "title": "Empty input",
              "fullTitle": "map Empty input",
              "timedOut": false,
              "duration": 0,
              "state": "passed",
              "speed": "fast",
              "pass": true,
              "fail": false,
              "pending": false,
              "context": null,
              "code": "expect(map([], iteratee))\n    .to.eql(\n        []\n    )",
              "err": {},
              "uuid": "eb87bfac-79d2-4f40-9445-2baa44907d10",
              "parentUUID": "6ca5dca1-fd31-4047-8bd6-924fdb281ab2",
              "isHook": false,
              "skipped": false
            }
          ],
          "suites": [],
          "passes": [
            "38c20ae5-050c-4132-a6ae-86982494d32a",
            "eb87bfac-79d2-4f40-9445-2baa44907d10"
          ],
          "failures": [],
          "pending": [],
          "skipped": [],
          "duration": 0,
          "root": false,
          "rootEmpty": false,
          "_timeout": 2000
        },
        {
          "uuid": "9d50ef6a-f008-4560-b644-d9596133fb26",
          "title": "reduce",
          "fullFile": "F:\\Git\\Software Testing\\COMP.SE.200-2020-assignment\\test\\array.test.js",
          "file": "\\test\\array.test.js",
          "beforeHooks": [],
          "afterHooks": [],
          "tests": [
            {
              "title": "Number input",
              "fullTitle": "reduce Number input",
              "timedOut": false,
              "duration": 0,
              "state": "passed",
              "speed": "fast",
              "pass": true,
              "fail": false,
              "pending": false,
              "context": null,
              "code": "expect(reduce(testArrays.NUMBER, iteratee))\n    .to.equal(\n        35+66   // elements+indexes\n    )",
              "err": {},
              "uuid": "1e43130f-28c0-44dc-97c6-d03840f2b3b1",
              "parentUUID": "9d50ef6a-f008-4560-b644-d9596133fb26",
              "isHook": false,
              "skipped": false
            },
            {
              "title": "Empty input with initial accumulator",
              "fullTitle": "reduce Empty input with initial accumulator",
              "timedOut": false,
              "duration": 0,
              "state": "passed",
              "speed": "fast",
              "pass": true,
              "fail": false,
              "pending": false,
              "context": null,
              "code": "expect(reduce([], iteratee, 0))\n    .to.eql(\n        0\n    )",
              "err": {},
              "uuid": "03146979-cb87-4991-b898-0b354be5cbab",
              "parentUUID": "9d50ef6a-f008-4560-b644-d9596133fb26",
              "isHook": false,
              "skipped": false
            },
            {
              "title": "Empty input without initial accumulator",
              "fullTitle": "reduce Empty input without initial accumulator",
              "timedOut": false,
              "duration": 0,
              "state": "passed",
              "speed": "fast",
              "pass": true,
              "fail": false,
              "pending": false,
              "context": null,
              "code": "expect(reduce([], iteratee))\n    .to.eql(\n        undefined\n    )",
              "err": {},
              "uuid": "66a7c9b9-f89e-484a-a17e-ad3ecefabee3",
              "parentUUID": "9d50ef6a-f008-4560-b644-d9596133fb26",
              "isHook": false,
              "skipped": false
            },
            {
              "title": "Example test case",
              "fullTitle": "reduce Example test case",
              "timedOut": false,
              "duration": 1,
              "state": "passed",
              "speed": "fast",
              "pass": true,
              "fail": false,
              "pending": false,
              "context": null,
              "code": "expect(reduce({ 'a': 1, 'b': 2, 'c': 1 }, (result, value, key) => {\n    (result[value] || (result[value] = [])).push(key)\n    return result\n  }, {}))\n    .to.eql(\n        { '1': ['a', 'c'], '2': ['b'] }\n    )",
              "err": {},
              "uuid": "230e9828-7537-45d7-969f-d924b9296447",
              "parentUUID": "9d50ef6a-f008-4560-b644-d9596133fb26",
              "isHook": false,
              "skipped": false
            }
          ],
          "suites": [],
          "passes": [
            "1e43130f-28c0-44dc-97c6-d03840f2b3b1",
            "03146979-cb87-4991-b898-0b354be5cbab",
            "66a7c9b9-f89e-484a-a17e-ad3ecefabee3",
            "230e9828-7537-45d7-969f-d924b9296447"
          ],
          "failures": [],
          "pending": [],
          "skipped": [],
          "duration": 1,
          "root": false,
          "rootEmpty": false,
          "_timeout": 2000
        },
        {
          "uuid": "05c80846-19e9-40a0-8df2-b7618c3bf13d",
          "title": "isArgument",
          "fullFile": "F:\\Git\\Software Testing\\COMP.SE.200-2020-assignment\\test\\boolean.test.js",
          "file": "\\test\\boolean.test.js",
          "beforeHooks": [],
          "afterHooks": [],
          "tests": [
            {
              "title": "Function arguments, expected to be true",
              "fullTitle": "isArgument Function arguments, expected to be true",
              "timedOut": false,
              "duration": 0,
              "state": "passed",
              "speed": "fast",
              "pass": true,
              "fail": false,
              "pending": false,
              "context": null,
              "code": "expect(testedfunc.func(testedparam.parameter)).to.equal(result)",
              "err": {},
              "uuid": "1ef1e84c-aced-4cea-b824-94c30eaf8f92",
              "parentUUID": "05c80846-19e9-40a0-8df2-b7618c3bf13d",
              "isHook": false,
              "skipped": false
            },
            {
              "title": "Numeric array, expected to be false",
              "fullTitle": "isArgument Numeric array, expected to be false",
              "timedOut": false,
              "duration": 0,
              "state": "passed",
              "speed": "fast",
              "pass": true,
              "fail": false,
              "pending": false,
              "context": null,
              "code": "expect(testedfunc.func(testedparam.parameter)).to.equal(result)",
              "err": {},
              "uuid": "c2cd8ce5-7659-486c-879e-a85973694706",
              "parentUUID": "05c80846-19e9-40a0-8df2-b7618c3bf13d",
              "isHook": false,
              "skipped": false
            },
            {
              "title": "String, expected to be false",
              "fullTitle": "isArgument String, expected to be false",
              "timedOut": false,
              "duration": 0,
              "state": "passed",
              "speed": "fast",
              "pass": true,
              "fail": false,
              "pending": false,
              "context": null,
              "code": "expect(testedfunc.func(testedparam.parameter)).to.equal(result)",
              "err": {},
              "uuid": "0fbb1fd8-870e-46e1-b340-7e2eb64ac080",
              "parentUUID": "05c80846-19e9-40a0-8df2-b7618c3bf13d",
              "isHook": false,
              "skipped": false
            },
            {
              "title": "True, expected to be false",
              "fullTitle": "isArgument True, expected to be false",
              "timedOut": false,
              "duration": 0,
              "state": "passed",
              "speed": "fast",
              "pass": true,
              "fail": false,
              "pending": false,
              "context": null,
              "code": "expect(testedfunc.func(testedparam.parameter)).to.equal(result)",
              "err": {},
              "uuid": "c7611c58-cadc-411a-9546-37641892d209",
              "parentUUID": "05c80846-19e9-40a0-8df2-b7618c3bf13d",
              "isHook": false,
              "skipped": false
            },
            {
              "title": "False, expected to be false",
              "fullTitle": "isArgument False, expected to be false",
              "timedOut": false,
              "duration": 0,
              "state": "passed",
              "speed": "fast",
              "pass": true,
              "fail": false,
              "pending": false,
              "context": null,
              "code": "expect(testedfunc.func(testedparam.parameter)).to.equal(result)",
              "err": {},
              "uuid": "f9b22b98-874e-419a-a374-5e47744ad817",
              "parentUUID": "05c80846-19e9-40a0-8df2-b7618c3bf13d",
              "isHook": false,
              "skipped": false
            },
            {
              "title": "Buffer(8), expected to be false",
              "fullTitle": "isArgument Buffer(8), expected to be false",
              "timedOut": false,
              "duration": 0,
              "state": "passed",
              "speed": "fast",
              "pass": true,
              "fail": false,
              "pending": false,
              "context": null,
              "code": "expect(testedfunc.func(testedparam.parameter)).to.equal(result)",
              "err": {},
              "uuid": "3f190027-304d-404c-9c0e-788a8749ea0c",
              "parentUUID": "05c80846-19e9-40a0-8df2-b7618c3bf13d",
              "isHook": false,
              "skipped": false
            },
            {
              "title": "New Date, expected to be false",
              "fullTitle": "isArgument New Date, expected to be false",
              "timedOut": false,
              "duration": 0,
              "state": "passed",
              "speed": "fast",
              "pass": true,
              "fail": false,
              "pending": false,
              "context": null,
              "code": "expect(testedfunc.func(testedparam.parameter)).to.equal(result)",
              "err": {},
              "uuid": "0445612a-88ff-4a9a-a6a6-ee9c7a1e517b",
              "parentUUID": "05c80846-19e9-40a0-8df2-b7618c3bf13d",
              "isHook": false,
              "skipped": false
            },
            {
              "title": "Datelike string 11/9/2001, expected to be false",
              "fullTitle": "isArgument Datelike string 11/9/2001, expected to be false",
              "timedOut": false,
              "duration": 0,
              "state": "passed",
              "speed": "fast",
              "pass": true,
              "fail": false,
              "pending": false,
              "context": null,
              "code": "expect(testedfunc.func(testedparam.parameter)).to.equal(result)",
              "err": {},
              "uuid": "dfed0d52-2a4c-42cf-9aed-e4ba665bfef8",
              "parentUUID": "05c80846-19e9-40a0-8df2-b7618c3bf13d",
              "isHook": false,
              "skipped": false
            },
            {
              "title": "Null, expected to be false",
              "fullTitle": "isArgument Null, expected to be false",
              "timedOut": false,
              "duration": 0,
              "state": "passed",
              "speed": "fast",
              "pass": true,
              "fail": false,
              "pending": false,
              "context": null,
              "code": "expect(testedfunc.func(testedparam.parameter)).to.equal(result)",
              "err": {},
              "uuid": "8181b149-0e9f-4398-8df3-c7e5bcb05142",
              "parentUUID": "05c80846-19e9-40a0-8df2-b7618c3bf13d",
              "isHook": false,
              "skipped": false
            },
            {
              "title": "Numeric 1, expected to be false",
              "fullTitle": "isArgument Numeric 1, expected to be false",
              "timedOut": false,
              "duration": 0,
              "state": "passed",
              "speed": "fast",
              "pass": true,
              "fail": false,
              "pending": false,
              "context": null,
              "code": "expect(testedfunc.func(testedparam.parameter)).to.equal(result)",
              "err": {},
              "uuid": "8f5f6465-fa35-4016-8e97-b3b765706b70",
              "parentUUID": "05c80846-19e9-40a0-8df2-b7618c3bf13d",
              "isHook": false,
              "skipped": false
            },
            {
              "title": "Basic object with one key and value, expected to be false",
              "fullTitle": "isArgument Basic object with one key and value, expected to be false",
              "timedOut": false,
              "duration": 0,
              "state": "passed",
              "speed": "fast",
              "pass": true,
              "fail": false,
              "pending": false,
              "context": null,
              "code": "expect(testedfunc.func(testedparam.parameter)).to.equal(result)",
              "err": {},
              "uuid": "8385f4aa-1a19-4df0-ae8a-18b2c6f7180a",
              "parentUUID": "05c80846-19e9-40a0-8df2-b7618c3bf13d",
              "isHook": false,
              "skipped": false
            },
            {
              "title": "Number.MAX_VALUE, expected to be false",
              "fullTitle": "isArgument Number.MAX_VALUE, expected to be false",
              "timedOut": false,
              "duration": 0,
              "state": "passed",
              "speed": "fast",
              "pass": true,
              "fail": false,
              "pending": false,
              "context": null,
              "code": "expect(testedfunc.func(testedparam.parameter)).to.equal(result)",
              "err": {},
              "uuid": "a29d4f65-05bf-4c4c-bb81-a1f2e66d72f1",
              "parentUUID": "05c80846-19e9-40a0-8df2-b7618c3bf13d",
              "isHook": false,
              "skipped": false
            },
            {
              "title": "Infinity, expected to be false",
              "fullTitle": "isArgument Infinity, expected to be false",
              "timedOut": false,
              "duration": 0,
              "state": "passed",
              "speed": "fast",
              "pass": true,
              "fail": false,
              "pending": false,
              "context": null,
              "code": "expect(testedfunc.func(testedparam.parameter)).to.equal(result)",
              "err": {},
              "uuid": "4aed40ed-1c1b-473c-8ac6-47ff118c8e0f",
              "parentUUID": "05c80846-19e9-40a0-8df2-b7618c3bf13d",
              "isHook": false,
              "skipped": false
            },
            {
              "title": "String 4, expected to be false",
              "fullTitle": "isArgument String 4, expected to be false",
              "timedOut": false,
              "duration": 0,
              "state": "passed",
              "speed": "fast",
              "pass": true,
              "fail": false,
              "pending": false,
              "context": null,
              "code": "expect(testedfunc.func(testedparam.parameter)).to.equal(result)",
              "err": {},
              "uuid": "274d4e4c-31bb-493b-b7bf-f96807ba7c4f",
              "parentUUID": "05c80846-19e9-40a0-8df2-b7618c3bf13d",
              "isHook": false,
              "skipped": false
            },
            {
              "title": "Empty object, expected to be false",
              "fullTitle": "isArgument Empty object, expected to be false",
              "timedOut": false,
              "duration": 0,
              "state": "passed",
              "speed": "fast",
              "pass": true,
              "fail": false,
              "pending": false,
              "context": null,
              "code": "expect(testedfunc.func(testedparam.parameter)).to.equal(result)",
              "err": {},
              "uuid": "dc8825f8-1e15-49c3-9bc2-0333265d14b0",
              "parentUUID": "05c80846-19e9-40a0-8df2-b7618c3bf13d",
              "isHook": false,
              "skipped": false
            },
            {
              "title": "Function, expected to be false",
              "fullTitle": "isArgument Function, expected to be false",
              "timedOut": false,
              "duration": 0,
              "state": "passed",
              "speed": "fast",
              "pass": true,
              "fail": false,
              "pending": false,
              "context": null,
              "code": "expect(testedfunc.func(testedparam.parameter)).to.equal(result)",
              "err": {},
              "uuid": "0577b945-b3f5-4a5c-b7d2-46b7613da6c0",
              "parentUUID": "05c80846-19e9-40a0-8df2-b7618c3bf13d",
              "isHook": false,
              "skipped": false
            },
            {
              "title": "Symbol, expected to be false",
              "fullTitle": "isArgument Symbol, expected to be false",
              "timedOut": false,
              "duration": 0,
              "state": "passed",
              "speed": "fast",
              "pass": true,
              "fail": false,
              "pending": false,
              "context": null,
              "code": "expect(testedfunc.func(testedparam.parameter)).to.equal(result)",
              "err": {},
              "uuid": "d8a29db1-8089-44d4-b134-5539aaf25929",
              "parentUUID": "05c80846-19e9-40a0-8df2-b7618c3bf13d",
              "isHook": false,
              "skipped": false
            },
            {
              "title": "Empty float array, expected to be false",
              "fullTitle": "isArgument Empty float array, expected to be false",
              "timedOut": false,
              "duration": 0,
              "state": "passed",
              "speed": "fast",
              "pass": true,
              "fail": false,
              "pending": false,
              "context": null,
              "code": "expect(testedfunc.func(testedparam.parameter)).to.equal(result)",
              "err": {},
              "uuid": "28ab4057-7f62-4e2f-9693-f5310bc1ff73",
              "parentUUID": "05c80846-19e9-40a0-8df2-b7618c3bf13d",
              "isHook": false,
              "skipped": false
            },
            {
              "title": "Empty typeless array, expected to be false",
              "fullTitle": "isArgument Empty typeless array, expected to be false",
              "timedOut": false,
              "duration": 0,
              "state": "passed",
              "speed": "fast",
              "pass": true,
              "fail": false,
              "pending": false,
              "context": null,
              "code": "expect(testedfunc.func(testedparam.parameter)).to.equal(result)",
              "err": {},
              "uuid": "6df1b418-16e1-457f-a300-2ba11b83e6c2",
              "parentUUID": "05c80846-19e9-40a0-8df2-b7618c3bf13d",
              "isHook": false,
              "skipped": false
            }
          ],
          "suites": [],
          "passes": [
            "1ef1e84c-aced-4cea-b824-94c30eaf8f92",
            "c2cd8ce5-7659-486c-879e-a85973694706",
            "0fbb1fd8-870e-46e1-b340-7e2eb64ac080",
            "c7611c58-cadc-411a-9546-37641892d209",
            "f9b22b98-874e-419a-a374-5e47744ad817",
            "3f190027-304d-404c-9c0e-788a8749ea0c",
            "0445612a-88ff-4a9a-a6a6-ee9c7a1e517b",
            "dfed0d52-2a4c-42cf-9aed-e4ba665bfef8",
            "8181b149-0e9f-4398-8df3-c7e5bcb05142",
            "8f5f6465-fa35-4016-8e97-b3b765706b70",
            "8385f4aa-1a19-4df0-ae8a-18b2c6f7180a",
            "a29d4f65-05bf-4c4c-bb81-a1f2e66d72f1",
            "4aed40ed-1c1b-473c-8ac6-47ff118c8e0f",
            "274d4e4c-31bb-493b-b7bf-f96807ba7c4f",
            "dc8825f8-1e15-49c3-9bc2-0333265d14b0",
            "0577b945-b3f5-4a5c-b7d2-46b7613da6c0",
            "d8a29db1-8089-44d4-b134-5539aaf25929",
            "28ab4057-7f62-4e2f-9693-f5310bc1ff73",
            "6df1b418-16e1-457f-a300-2ba11b83e6c2"
          ],
          "failures": [],
          "pending": [],
          "skipped": [],
          "duration": 0,
          "root": false,
          "rootEmpty": false,
          "_timeout": 2000
        },
        {
          "uuid": "a6886eb3-fcc5-4150-86c7-34c6c976d930",
          "title": "isArrayLike",
          "fullFile": "F:\\Git\\Software Testing\\COMP.SE.200-2020-assignment\\test\\boolean.test.js",
          "file": "\\test\\boolean.test.js",
          "beforeHooks": [],
          "afterHooks": [],
          "tests": [
            {
              "title": "Function arguments, expected to be true",
              "fullTitle": "isArrayLike Function arguments, expected to be true",
              "timedOut": false,
              "duration": 1,
              "state": "passed",
              "speed": "fast",
              "pass": true,
              "fail": false,
              "pending": false,
              "context": null,
              "code": "expect(testedfunc.func(testedparam.parameter)).to.equal(result)",
              "err": {},
              "uuid": "e51bb5cf-23f4-42c0-9c27-c7c4cf0e1cd8",
              "parentUUID": "a6886eb3-fcc5-4150-86c7-34c6c976d930",
              "isHook": false,
              "skipped": false
            },
            {
              "title": "Numeric array, expected to be true",
              "fullTitle": "isArrayLike Numeric array, expected to be true",
              "timedOut": false,
              "duration": 0,
              "state": "passed",
              "speed": "fast",
              "pass": true,
              "fail": false,
              "pending": false,
              "context": null,
              "code": "expect(testedfunc.func(testedparam.parameter)).to.equal(result)",
              "err": {},
              "uuid": "89597382-60f7-4699-b7d4-8a458980b2e2",
              "parentUUID": "a6886eb3-fcc5-4150-86c7-34c6c976d930",
              "isHook": false,
              "skipped": false
            },
            {
              "title": "String, expected to be true",
              "fullTitle": "isArrayLike String, expected to be true",
              "timedOut": false,
              "duration": 0,
              "state": "passed",
              "speed": "fast",
              "pass": true,
              "fail": false,
              "pending": false,
              "context": null,
              "code": "expect(testedfunc.func(testedparam.parameter)).to.equal(result)",
              "err": {},
              "uuid": "1651483c-ae15-4773-a75d-4a4ddc2baffe",
              "parentUUID": "a6886eb3-fcc5-4150-86c7-34c6c976d930",
              "isHook": false,
              "skipped": false
            },
            {
              "title": "True, expected to be false",
              "fullTitle": "isArrayLike True, expected to be false",
              "timedOut": false,
              "duration": 0,
              "state": "passed",
              "speed": "fast",
              "pass": true,
              "fail": false,
              "pending": false,
              "context": null,
              "code": "expect(testedfunc.func(testedparam.parameter)).to.equal(result)",
              "err": {},
              "uuid": "2f6b2c18-016e-4ecf-a8d5-0780c159097a",
              "parentUUID": "a6886eb3-fcc5-4150-86c7-34c6c976d930",
              "isHook": false,
              "skipped": false
            },
            {
              "title": "False, expected to be false",
              "fullTitle": "isArrayLike False, expected to be false",
              "timedOut": false,
              "duration": 0,
              "state": "passed",
              "speed": "fast",
              "pass": true,
              "fail": false,
              "pending": false,
              "context": null,
              "code": "expect(testedfunc.func(testedparam.parameter)).to.equal(result)",
              "err": {},
              "uuid": "b04db48a-075a-4ca1-812f-93a8fa07b85c",
              "parentUUID": "a6886eb3-fcc5-4150-86c7-34c6c976d930",
              "isHook": false,
              "skipped": false
            },
            {
              "title": "Buffer(8), expected to be true",
              "fullTitle": "isArrayLike Buffer(8), expected to be true",
              "timedOut": false,
              "duration": 0,
              "state": "passed",
              "speed": "fast",
              "pass": true,
              "fail": false,
              "pending": false,
              "context": null,
              "code": "expect(testedfunc.func(testedparam.parameter)).to.equal(result)",
              "err": {},
              "uuid": "a1e8fcfd-b06e-44dd-bc16-b90b3d616734",
              "parentUUID": "a6886eb3-fcc5-4150-86c7-34c6c976d930",
              "isHook": false,
              "skipped": false
            },
            {
              "title": "New Date, expected to be false",
              "fullTitle": "isArrayLike New Date, expected to be false",
              "timedOut": false,
              "duration": 0,
              "state": "passed",
              "speed": "fast",
              "pass": true,
              "fail": false,
              "pending": false,
              "context": null,
              "code": "expect(testedfunc.func(testedparam.parameter)).to.equal(result)",
              "err": {},
              "uuid": "891b3096-75eb-405c-9820-2d9f065db201",
              "parentUUID": "a6886eb3-fcc5-4150-86c7-34c6c976d930",
              "isHook": false,
              "skipped": false
            },
            {
              "title": "Datelike string 11/9/2001, expected to be true",
              "fullTitle": "isArrayLike Datelike string 11/9/2001, expected to be true",
              "timedOut": false,
              "duration": 0,
              "state": "passed",
              "speed": "fast",
              "pass": true,
              "fail": false,
              "pending": false,
              "context": null,
              "code": "expect(testedfunc.func(testedparam.parameter)).to.equal(result)",
              "err": {},
              "uuid": "ffd9f80b-f5ed-4da0-ab26-f70bf04db707",
              "parentUUID": "a6886eb3-fcc5-4150-86c7-34c6c976d930",
              "isHook": false,
              "skipped": false
            },
            {
              "title": "Null, expected to be false",
              "fullTitle": "isArrayLike Null, expected to be false",
              "timedOut": false,
              "duration": 0,
              "state": "passed",
              "speed": "fast",
              "pass": true,
              "fail": false,
              "pending": false,
              "context": null,
              "code": "expect(testedfunc.func(testedparam.parameter)).to.equal(result)",
              "err": {},
              "uuid": "5bdc54f9-4dcb-4cce-8cbf-806e462c7d39",
              "parentUUID": "a6886eb3-fcc5-4150-86c7-34c6c976d930",
              "isHook": false,
              "skipped": false
            },
            {
              "title": "Numeric 1, expected to be false",
              "fullTitle": "isArrayLike Numeric 1, expected to be false",
              "timedOut": false,
              "duration": 0,
              "state": "passed",
              "speed": "fast",
              "pass": true,
              "fail": false,
              "pending": false,
              "context": null,
              "code": "expect(testedfunc.func(testedparam.parameter)).to.equal(result)",
              "err": {},
              "uuid": "6491ed3e-a8b3-475b-851c-b20d9fb68b73",
              "parentUUID": "a6886eb3-fcc5-4150-86c7-34c6c976d930",
              "isHook": false,
              "skipped": false
            },
            {
              "title": "Basic object with one key and value, expected to be false",
              "fullTitle": "isArrayLike Basic object with one key and value, expected to be false",
              "timedOut": false,
              "duration": 0,
              "state": "passed",
              "speed": "fast",
              "pass": true,
              "fail": false,
              "pending": false,
              "context": null,
              "code": "expect(testedfunc.func(testedparam.parameter)).to.equal(result)",
              "err": {},
              "uuid": "c229859f-9910-4b37-a604-07b81a2a7c4e",
              "parentUUID": "a6886eb3-fcc5-4150-86c7-34c6c976d930",
              "isHook": false,
              "skipped": false
            },
            {
              "title": "Number.MAX_VALUE, expected to be false",
              "fullTitle": "isArrayLike Number.MAX_VALUE, expected to be false",
              "timedOut": false,
              "duration": 0,
              "state": "passed",
              "speed": "fast",
              "pass": true,
              "fail": false,
              "pending": false,
              "context": null,
              "code": "expect(testedfunc.func(testedparam.parameter)).to.equal(result)",
              "err": {},
              "uuid": "e5fe1db6-bb9e-40a2-9279-65b97035a724",
              "parentUUID": "a6886eb3-fcc5-4150-86c7-34c6c976d930",
              "isHook": false,
              "skipped": false
            },
            {
              "title": "Infinity, expected to be false",
              "fullTitle": "isArrayLike Infinity, expected to be false",
              "timedOut": false,
              "duration": 0,
              "state": "passed",
              "speed": "fast",
              "pass": true,
              "fail": false,
              "pending": false,
              "context": null,
              "code": "expect(testedfunc.func(testedparam.parameter)).to.equal(result)",
              "err": {},
              "uuid": "47431424-310b-475d-b3a2-950d35d65774",
              "parentUUID": "a6886eb3-fcc5-4150-86c7-34c6c976d930",
              "isHook": false,
              "skipped": false
            },
            {
              "title": "String 4, expected to be true",
              "fullTitle": "isArrayLike String 4, expected to be true",
              "timedOut": false,
              "duration": 0,
              "state": "passed",
              "speed": "fast",
              "pass": true,
              "fail": false,
              "pending": false,
              "context": null,
              "code": "expect(testedfunc.func(testedparam.parameter)).to.equal(result)",
              "err": {},
              "uuid": "b39182fb-8989-4616-a687-fbc51a2ba783",
              "parentUUID": "a6886eb3-fcc5-4150-86c7-34c6c976d930",
              "isHook": false,
              "skipped": false
            },
            {
              "title": "Empty object, expected to be false",
              "fullTitle": "isArrayLike Empty object, expected to be false",
              "timedOut": false,
              "duration": 0,
              "state": "passed",
              "speed": "fast",
              "pass": true,
              "fail": false,
              "pending": false,
              "context": null,
              "code": "expect(testedfunc.func(testedparam.parameter)).to.equal(result)",
              "err": {},
              "uuid": "ed19efbb-ce47-45c4-b572-48d17f9eb6ac",
              "parentUUID": "a6886eb3-fcc5-4150-86c7-34c6c976d930",
              "isHook": false,
              "skipped": false
            },
            {
              "title": "Function, expected to be false",
              "fullTitle": "isArrayLike Function, expected to be false",
              "timedOut": false,
              "duration": 0,
              "state": "passed",
              "speed": "fast",
              "pass": true,
              "fail": false,
              "pending": false,
              "context": null,
              "code": "expect(testedfunc.func(testedparam.parameter)).to.equal(result)",
              "err": {},
              "uuid": "76477ee5-2e99-490b-b40b-f1d0191cdd31",
              "parentUUID": "a6886eb3-fcc5-4150-86c7-34c6c976d930",
              "isHook": false,
              "skipped": false
            },
            {
              "title": "Symbol, expected to be false",
              "fullTitle": "isArrayLike Symbol, expected to be false",
              "timedOut": false,
              "duration": 0,
              "state": "passed",
              "speed": "fast",
              "pass": true,
              "fail": false,
              "pending": false,
              "context": null,
              "code": "expect(testedfunc.func(testedparam.parameter)).to.equal(result)",
              "err": {},
              "uuid": "d6003346-4c91-44e2-a097-f4f839b0164e",
              "parentUUID": "a6886eb3-fcc5-4150-86c7-34c6c976d930",
              "isHook": false,
              "skipped": false
            },
            {
              "title": "Empty float array, expected to be true",
              "fullTitle": "isArrayLike Empty float array, expected to be true",
              "timedOut": false,
              "duration": 0,
              "state": "passed",
              "speed": "fast",
              "pass": true,
              "fail": false,
              "pending": false,
              "context": null,
              "code": "expect(testedfunc.func(testedparam.parameter)).to.equal(result)",
              "err": {},
              "uuid": "25581b9f-745e-4d58-9320-9ad029f707e2",
              "parentUUID": "a6886eb3-fcc5-4150-86c7-34c6c976d930",
              "isHook": false,
              "skipped": false
            },
            {
              "title": "Empty typeless array, expected to be true",
              "fullTitle": "isArrayLike Empty typeless array, expected to be true",
              "timedOut": false,
              "duration": 0,
              "state": "passed",
              "speed": "fast",
              "pass": true,
              "fail": false,
              "pending": false,
              "context": null,
              "code": "expect(testedfunc.func(testedparam.parameter)).to.equal(result)",
              "err": {},
              "uuid": "aa63b7b5-cd12-4d52-a307-934ec10307b4",
              "parentUUID": "a6886eb3-fcc5-4150-86c7-34c6c976d930",
              "isHook": false,
              "skipped": false
            }
          ],
          "suites": [],
          "passes": [
            "e51bb5cf-23f4-42c0-9c27-c7c4cf0e1cd8",
            "89597382-60f7-4699-b7d4-8a458980b2e2",
            "1651483c-ae15-4773-a75d-4a4ddc2baffe",
            "2f6b2c18-016e-4ecf-a8d5-0780c159097a",
            "b04db48a-075a-4ca1-812f-93a8fa07b85c",
            "a1e8fcfd-b06e-44dd-bc16-b90b3d616734",
            "891b3096-75eb-405c-9820-2d9f065db201",
            "ffd9f80b-f5ed-4da0-ab26-f70bf04db707",
            "5bdc54f9-4dcb-4cce-8cbf-806e462c7d39",
            "6491ed3e-a8b3-475b-851c-b20d9fb68b73",
            "c229859f-9910-4b37-a604-07b81a2a7c4e",
            "e5fe1db6-bb9e-40a2-9279-65b97035a724",
            "47431424-310b-475d-b3a2-950d35d65774",
            "b39182fb-8989-4616-a687-fbc51a2ba783",
            "ed19efbb-ce47-45c4-b572-48d17f9eb6ac",
            "76477ee5-2e99-490b-b40b-f1d0191cdd31",
            "d6003346-4c91-44e2-a097-f4f839b0164e",
            "25581b9f-745e-4d58-9320-9ad029f707e2",
            "aa63b7b5-cd12-4d52-a307-934ec10307b4"
          ],
          "failures": [],
          "pending": [],
          "skipped": [],
          "duration": 1,
          "root": false,
          "rootEmpty": false,
          "_timeout": 2000
        },
        {
          "uuid": "e0b7407f-ed0f-4fbf-86a1-1963f0bae156",
          "title": "isArrayLikeObject",
          "fullFile": "F:\\Git\\Software Testing\\COMP.SE.200-2020-assignment\\test\\boolean.test.js",
          "file": "\\test\\boolean.test.js",
          "beforeHooks": [],
          "afterHooks": [],
          "tests": [
            {
              "title": "Function arguments, expected to be true",
              "fullTitle": "isArrayLikeObject Function arguments, expected to be true",
              "timedOut": false,
              "duration": 0,
              "state": "passed",
              "speed": "fast",
              "pass": true,
              "fail": false,
              "pending": false,
              "context": null,
              "code": "expect(testedfunc.func(testedparam.parameter)).to.equal(result)",
              "err": {},
              "uuid": "26bcfc0f-07fa-487a-a4c1-41794e9bb773",
              "parentUUID": "e0b7407f-ed0f-4fbf-86a1-1963f0bae156",
              "isHook": false,
              "skipped": false
            },
            {
              "title": "Numeric array, expected to be true",
              "fullTitle": "isArrayLikeObject Numeric array, expected to be true",
              "timedOut": false,
              "duration": 0,
              "state": "passed",
              "speed": "fast",
              "pass": true,
              "fail": false,
              "pending": false,
              "context": null,
              "code": "expect(testedfunc.func(testedparam.parameter)).to.equal(result)",
              "err": {},
              "uuid": "0366282d-c0f3-4291-9898-dcdee990cd38",
              "parentUUID": "e0b7407f-ed0f-4fbf-86a1-1963f0bae156",
              "isHook": false,
              "skipped": false
            },
            {
              "title": "String, expected to be false",
              "fullTitle": "isArrayLikeObject String, expected to be false",
              "timedOut": false,
              "duration": 0,
              "state": "passed",
              "speed": "fast",
              "pass": true,
              "fail": false,
              "pending": false,
              "context": null,
              "code": "expect(testedfunc.func(testedparam.parameter)).to.equal(result)",
              "err": {},
              "uuid": "f10d9417-0f0a-449f-8bdc-3adf29e65a0a",
              "parentUUID": "e0b7407f-ed0f-4fbf-86a1-1963f0bae156",
              "isHook": false,
              "skipped": false
            },
            {
              "title": "True, expected to be false",
              "fullTitle": "isArrayLikeObject True, expected to be false",
              "timedOut": false,
              "duration": 0,
              "state": "passed",
              "speed": "fast",
              "pass": true,
              "fail": false,
              "pending": false,
              "context": null,
              "code": "expect(testedfunc.func(testedparam.parameter)).to.equal(result)",
              "err": {},
              "uuid": "2c3d9c9c-42d5-46db-b87f-bb7b70989a76",
              "parentUUID": "e0b7407f-ed0f-4fbf-86a1-1963f0bae156",
              "isHook": false,
              "skipped": false
            },
            {
              "title": "False, expected to be false",
              "fullTitle": "isArrayLikeObject False, expected to be false",
              "timedOut": false,
              "duration": 1,
              "state": "passed",
              "speed": "fast",
              "pass": true,
              "fail": false,
              "pending": false,
              "context": null,
              "code": "expect(testedfunc.func(testedparam.parameter)).to.equal(result)",
              "err": {},
              "uuid": "801baec3-cabf-4313-940d-d8f04878e950",
              "parentUUID": "e0b7407f-ed0f-4fbf-86a1-1963f0bae156",
              "isHook": false,
              "skipped": false
            },
            {
              "title": "Buffer(8), expected to be true",
              "fullTitle": "isArrayLikeObject Buffer(8), expected to be true",
              "timedOut": false,
              "duration": 0,
              "state": "passed",
              "speed": "fast",
              "pass": true,
              "fail": false,
              "pending": false,
              "context": null,
              "code": "expect(testedfunc.func(testedparam.parameter)).to.equal(result)",
              "err": {},
              "uuid": "a88afe35-9554-46fb-8516-24f309affa72",
              "parentUUID": "e0b7407f-ed0f-4fbf-86a1-1963f0bae156",
              "isHook": false,
              "skipped": false
            },
            {
              "title": "New Date, expected to be false",
              "fullTitle": "isArrayLikeObject New Date, expected to be false",
              "timedOut": false,
              "duration": 1,
              "state": "passed",
              "speed": "fast",
              "pass": true,
              "fail": false,
              "pending": false,
              "context": null,
              "code": "expect(testedfunc.func(testedparam.parameter)).to.equal(result)",
              "err": {},
              "uuid": "cfde07cb-a82d-4d9a-af8e-323b698867b6",
              "parentUUID": "e0b7407f-ed0f-4fbf-86a1-1963f0bae156",
              "isHook": false,
              "skipped": false
            },
            {
              "title": "Datelike string 11/9/2001, expected to be false",
              "fullTitle": "isArrayLikeObject Datelike string 11/9/2001, expected to be false",
              "timedOut": false,
              "duration": 0,
              "state": "passed",
              "speed": "fast",
              "pass": true,
              "fail": false,
              "pending": false,
              "context": null,
              "code": "expect(testedfunc.func(testedparam.parameter)).to.equal(result)",
              "err": {},
              "uuid": "237d9962-05f4-452f-b391-4337bd5f077e",
              "parentUUID": "e0b7407f-ed0f-4fbf-86a1-1963f0bae156",
              "isHook": false,
              "skipped": false
            },
            {
              "title": "Null, expected to be false",
              "fullTitle": "isArrayLikeObject Null, expected to be false",
              "timedOut": false,
              "duration": 0,
              "state": "passed",
              "speed": "fast",
              "pass": true,
              "fail": false,
              "pending": false,
              "context": null,
              "code": "expect(testedfunc.func(testedparam.parameter)).to.equal(result)",
              "err": {},
              "uuid": "0d4bfb1c-73a2-426f-abd8-3d07dbf29e83",
              "parentUUID": "e0b7407f-ed0f-4fbf-86a1-1963f0bae156",
              "isHook": false,
              "skipped": false
            },
            {
              "title": "Numeric 1, expected to be false",
              "fullTitle": "isArrayLikeObject Numeric 1, expected to be false",
              "timedOut": false,
              "duration": 0,
              "state": "passed",
              "speed": "fast",
              "pass": true,
              "fail": false,
              "pending": false,
              "context": null,
              "code": "expect(testedfunc.func(testedparam.parameter)).to.equal(result)",
              "err": {},
              "uuid": "0ad2576c-dc95-4fa4-b448-062d3200e84f",
              "parentUUID": "e0b7407f-ed0f-4fbf-86a1-1963f0bae156",
              "isHook": false,
              "skipped": false
            },
            {
              "title": "Basic object with one key and value, expected to be false",
              "fullTitle": "isArrayLikeObject Basic object with one key and value, expected to be false",
              "timedOut": false,
              "duration": 0,
              "state": "passed",
              "speed": "fast",
              "pass": true,
              "fail": false,
              "pending": false,
              "context": null,
              "code": "expect(testedfunc.func(testedparam.parameter)).to.equal(result)",
              "err": {},
              "uuid": "e9b6e65a-a5ef-4bb4-9e7d-ab0019264c81",
              "parentUUID": "e0b7407f-ed0f-4fbf-86a1-1963f0bae156",
              "isHook": false,
              "skipped": false
            },
            {
              "title": "Number.MAX_VALUE, expected to be false",
              "fullTitle": "isArrayLikeObject Number.MAX_VALUE, expected to be false",
              "timedOut": false,
              "duration": 0,
              "state": "passed",
              "speed": "fast",
              "pass": true,
              "fail": false,
              "pending": false,
              "context": null,
              "code": "expect(testedfunc.func(testedparam.parameter)).to.equal(result)",
              "err": {},
              "uuid": "c84e1b9f-b33b-41cc-85f1-746b65b369cc",
              "parentUUID": "e0b7407f-ed0f-4fbf-86a1-1963f0bae156",
              "isHook": false,
              "skipped": false
            },
            {
              "title": "Infinity, expected to be false",
              "fullTitle": "isArrayLikeObject Infinity, expected to be false",
              "timedOut": false,
              "duration": 0,
              "state": "passed",
              "speed": "fast",
              "pass": true,
              "fail": false,
              "pending": false,
              "context": null,
              "code": "expect(testedfunc.func(testedparam.parameter)).to.equal(result)",
              "err": {},
              "uuid": "70c306ad-8d93-4e5b-8f57-e9834ad30b88",
              "parentUUID": "e0b7407f-ed0f-4fbf-86a1-1963f0bae156",
              "isHook": false,
              "skipped": false
            },
            {
              "title": "String 4, expected to be false",
              "fullTitle": "isArrayLikeObject String 4, expected to be false",
              "timedOut": false,
              "duration": 0,
              "state": "passed",
[...]
              "err": {},
              "uuid": "64061e8e-823c-496a-bfae-0f665c9b8e1a",
              "parentUUID": "280b9fb7-ae57-4019-921b-f8e88e746d41",
              "isHook": false,
              "skipped": false
            },
            {
              "title": "A basic string ending with on some position",
              "fullTitle": "EndsWith A basic string ending with on some position",
              "timedOut": false,
              "duration": 0,
              "state": "passed",
              "speed": "fast",
              "pass": true,
              "fail": false,
              "pending": false,
              "context": null,
              "code": "let currentDataArray = module.MODEL.get(testCase)\nlet expectedData = module.EXPECTED.get(testCase)\nlet dataLength = currentDataArray.length\nfor (let pos = 0; pos < dataLength; pos++ ) {\n    if (currentDataArray[pos].length == 3) {\n        let param1 = currentDataArray[pos][0]\n        let param2 = currentDataArray[pos][1]\n        let param3 = currentDataArray[pos][2]\n            \n        expect(module.func(param1, param2, param3)).to.equal(\n            expectedData[pos]\n        )\n    } else if (currentDataArray[pos].length == 2) {\n        let param1 = currentDataArray[pos][0]\n        let param2 = currentDataArray[pos][1]\n        \n        if (module == modules.WORDS) {\n            // Required the deep equal since JS arrays are objects\n            expect(module.func(param1, param2)).to.deep.equal(\n                expectedData[pos])\n        } else {\n            expect(module.func(param1, param2)).to.equal(\n                expectedData[pos])\n        }\n    } else {\n        if (module == modules.WORDS) {\n            // Required the deep equal since JS arrays are objects\n            expect(module.func(currentDataArray[pos])).to.deep.equal(\n                expectedData[pos])\n        } else {\n            expect(module.func(currentDataArray[pos])).to.equal(\n                expectedData[pos])\n        }\n    }\n}",
              "err": {},
              "uuid": "7d005b6e-66dc-495a-aa55-1843b92b7452",
              "parentUUID": "280b9fb7-ae57-4019-921b-f8e88e746d41",
              "isHook": false,
              "skipped": false
            },
            {
              "title": "NaN and null values",
              "fullTitle": "EndsWith NaN and null values",
              "timedOut": false,
              "duration": 0,
              "state": "failed",
              "speed": null,
              "pass": false,
              "fail": true,
              "pending": false,
              "context": null,
              "code": "let currentDataArray = module.MODEL.get(testCase)\nlet expectedData = module.EXPECTED.get(testCase)\nlet dataLength = currentDataArray.length\nfor (let pos = 0; pos < dataLength; pos++ ) {\n    if (currentDataArray[pos].length == 3) {\n        let param1 = currentDataArray[pos][0]\n        let param2 = currentDataArray[pos][1]\n        let param3 = currentDataArray[pos][2]\n            \n        expect(module.func(param1, param2, param3)).to.equal(\n            expectedData[pos]\n        )\n    } else if (currentDataArray[pos].length == 2) {\n        let param1 = currentDataArray[pos][0]\n        let param2 = currentDataArray[pos][1]\n        \n        if (module == modules.WORDS) {\n            // Required the deep equal since JS arrays are objects\n            expect(module.func(param1, param2)).to.deep.equal(\n                expectedData[pos])\n        } else {\n            expect(module.func(param1, param2)).to.equal(\n                expectedData[pos])\n        }\n    } else {\n        if (module == modules.WORDS) {\n            // Required the deep equal since JS arrays are objects\n            expect(module.func(currentDataArray[pos])).to.deep.equal(\n                expectedData[pos])\n        } else {\n            expect(module.func(currentDataArray[pos])).to.equal(\n                expectedData[pos])\n        }\n    }\n}",
              "err": {
                "message": "TypeError: Cannot read property 'length' of undefined",
                "estack": "TypeError: Cannot read property 'length' of undefined\n    at Context.<anonymous> (file:///F:/Git/Software%20Testing/COMP.SE.200-2020-assignment/test/string.test.js:138:51)\n    at processImmediate (internal/timers.js:456:21)",
                "diff": null
              },
              "uuid": "664028bb-389d-44dc-a27c-453986f504d9",
              "parentUUID": "280b9fb7-ae57-4019-921b-f8e88e746d41",
              "isHook": false,
              "skipped": false
            }
          ],
          "suites": [],
          "passes": [
            "64061e8e-823c-496a-bfae-0f665c9b8e1a",
            "7d005b6e-66dc-495a-aa55-1843b92b7452"
          ],
          "failures": [
            "664028bb-389d-44dc-a27c-453986f504d9"
          ],
          "pending": [],
          "skipped": [],
          "duration": 0,
          "root": false,
          "rootEmpty": false,
          "_timeout": 2000
        },
        {
          "uuid": "aecf5a74-9ece-4a8f-bfe1-55927b20d808",
          "title": "UpperFirst",
          "fullFile": "F:\\Git\\Software Testing\\COMP.SE.200-2020-assignment\\test\\string.test.js",
          "file": "\\test\\string.test.js",
          "beforeHooks": [],
          "afterHooks": [],
          "tests": [
            {
              "title": "A basic string",
              "fullTitle": "UpperFirst A basic string",
              "timedOut": false,
              "duration": 0,
              "state": "passed",
              "speed": "fast",
              "pass": true,
              "fail": false,
              "pending": false,
              "context": null,
              "code": "let currentDataArray = module.MODEL.get(testCase)\nlet expectedData = module.EXPECTED.get(testCase)\nlet dataLength = currentDataArray.length\nfor (let pos = 0; pos < dataLength; pos++ ) {\n    if (currentDataArray[pos].length == 3) {\n        let param1 = currentDataArray[pos][0]\n        let param2 = currentDataArray[pos][1]\n        let param3 = currentDataArray[pos][2]\n            \n        expect(module.func(param1, param2, param3)).to.equal(\n            expectedData[pos]\n        )\n    } else if (currentDataArray[pos].length == 2) {\n        let param1 = currentDataArray[pos][0]\n        let param2 = currentDataArray[pos][1]\n        \n        if (module == modules.WORDS) {\n            // Required the deep equal since JS arrays are objects\n            expect(module.func(param1, param2)).to.deep.equal(\n                expectedData[pos])\n        } else {\n            expect(module.func(param1, param2)).to.equal(\n                expectedData[pos])\n        }\n    } else {\n        if (module == modules.WORDS) {\n            // Required the deep equal since JS arrays are objects\n            expect(module.func(currentDataArray[pos])).to.deep.equal(\n                expectedData[pos])\n        } else {\n            expect(module.func(currentDataArray[pos])).to.equal(\n                expectedData[pos])\n        }\n    }\n}",
              "err": {},
              "uuid": "ac0efe47-49e4-432f-a2c6-98b449503be0",
              "parentUUID": "aecf5a74-9ece-4a8f-bfe1-55927b20d808",
              "isHook": false,
              "skipped": false
            },
            {
              "title": "A white-spaced string",
              "fullTitle": "UpperFirst A white-spaced string",
              "timedOut": false,
              "duration": 0,
              "state": "failed",
              "speed": null,
              "pass": false,
              "fail": true,
              "pending": false,
              "context": null,
              "code": "let currentDataArray = module.MODEL.get(testCase)\nlet expectedData = module.EXPECTED.get(testCase)\nlet dataLength = currentDataArray.length\nfor (let pos = 0; pos < dataLength; pos++ ) {\n    if (currentDataArray[pos].length == 3) {\n        let param1 = currentDataArray[pos][0]\n        let param2 = currentDataArray[pos][1]\n        let param3 = currentDataArray[pos][2]\n            \n        expect(module.func(param1, param2, param3)).to.equal(\n            expectedData[pos]\n        )\n    } else if (currentDataArray[pos].length == 2) {\n        let param1 = currentDataArray[pos][0]\n        let param2 = currentDataArray[pos][1]\n        \n        if (module == modules.WORDS) {\n            // Required the deep equal since JS arrays are objects\n            expect(module.func(param1, param2)).to.deep.equal(\n                expectedData[pos])\n        } else {\n            expect(module.func(param1, param2)).to.equal(\n                expectedData[pos])\n        }\n    } else {\n        if (module == modules.WORDS) {\n            // Required the deep equal since JS arrays are objects\n            expect(module.func(currentDataArray[pos])).to.deep.equal(\n                expectedData[pos])\n        } else {\n            expect(module.func(currentDataArray[pos])).to.equal(\n                expectedData[pos])\n        }\n    }\n}",
              "err": {
                "message": "AssertionError: expected ' stringComes' to equal 'StringComes'",
                "estack": "AssertionError: expected ' stringComes' to equal 'StringComes'\n    at Context.<anonymous> (file:///F:/Git/Software%20Testing/COMP.SE.200-2020-assignment/test/string.test.js:165:79)\n    at processImmediate (internal/timers.js:456:21)",
                "diff": "-  stringComes\n+ StringComes\n"
              },
              "uuid": "66bf85c8-2c90-4fdc-9481-b4510f35b0a9",
              "parentUUID": "aecf5a74-9ece-4a8f-bfe1-55927b20d808",
              "isHook": false,
              "skipped": false
            },
            {
              "title": "A non-alphabet first letter string",
              "fullTitle": "UpperFirst A non-alphabet first letter string",
              "timedOut": false,
              "duration": 0,
              "state": "passed",
              "speed": "fast",
              "pass": true,
              "fail": false,
              "pending": false,
              "context": null,
              "code": "let currentDataArray = module.MODEL.get(testCase)\nlet expectedData = module.EXPECTED.get(testCase)\nlet dataLength = currentDataArray.length\nfor (let pos = 0; pos < dataLength; pos++ ) {\n    if (currentDataArray[pos].length == 3) {\n        let param1 = currentDataArray[pos][0]\n        let param2 = currentDataArray[pos][1]\n        let param3 = currentDataArray[pos][2]\n            \n        expect(module.func(param1, param2, param3)).to.equal(\n            expectedData[pos]\n        )\n    } else if (currentDataArray[pos].length == 2) {\n        let param1 = currentDataArray[pos][0]\n        let param2 = currentDataArray[pos][1]\n        \n        if (module == modules.WORDS) {\n            // Required the deep equal since JS arrays are objects\n            expect(module.func(param1, param2)).to.deep.equal(\n                expectedData[pos])\n        } else {\n            expect(module.func(param1, param2)).to.equal(\n                expectedData[pos])\n        }\n    } else {\n        if (module == modules.WORDS) {\n            // Required the deep equal since JS arrays are objects\n            expect(module.func(currentDataArray[pos])).to.deep.equal(\n                expectedData[pos])\n        } else {\n            expect(module.func(currentDataArray[pos])).to.equal(\n                expectedData[pos])\n        }\n    }\n}",
              "err": {},
              "uuid": "eb77513c-1479-410a-b956-53297472598f",
              "parentUUID": "aecf5a74-9ece-4a8f-bfe1-55927b20d808",
              "isHook": false,
              "skipped": false
            }
          ],
          "suites": [],
          "passes": [
            "ac0efe47-49e4-432f-a2c6-98b449503be0",
            "eb77513c-1479-410a-b956-53297472598f"
          ],
          "failures": [
            "66bf85c8-2c90-4fdc-9481-b4510f35b0a9"
          ],
          "pending": [],
          "skipped": [],
          "duration": 0,
          "root": false,
          "rootEmpty": false,
          "_timeout": 2000
        },
        {
          "uuid": "ed57851e-600b-43dc-8eae-f7dc3959d7ee",
          "title": "Words",
          "fullFile": "F:\\Git\\Software Testing\\COMP.SE.200-2020-assignment\\test\\string.test.js",
          "file": "\\test\\string.test.js",
          "beforeHooks": [],
          "afterHooks": [],
          "tests": [
            {
              "title": "Module's own example",
              "fullTitle": "Words Module's own example",
              "timedOut": false,
              "duration": 0,
              "state": "passed",
              "speed": "fast",
              "pass": true,
              "fail": false,
              "pending": false,
              "context": null,
              "code": "let currentDataArray = module.MODEL.get(testCase)\nlet expectedData = module.EXPECTED.get(testCase)\nlet dataLength = currentDataArray.length\nfor (let pos = 0; pos < dataLength; pos++ ) {\n    if (currentDataArray[pos].length == 3) {\n        let param1 = currentDataArray[pos][0]\n        let param2 = currentDataArray[pos][1]\n        let param3 = currentDataArray[pos][2]\n            \n        expect(module.func(param1, param2, param3)).to.equal(\n            expectedData[pos]\n        )\n    } else if (currentDataArray[pos].length == 2) {\n        let param1 = currentDataArray[pos][0]\n        let param2 = currentDataArray[pos][1]\n        \n        if (module == modules.WORDS) {\n            // Required the deep equal since JS arrays are objects\n            expect(module.func(param1, param2)).to.deep.equal(\n                expectedData[pos])\n        } else {\n            expect(module.func(param1, param2)).to.equal(\n                expectedData[pos])\n        }\n    } else {\n        if (module == modules.WORDS) {\n            // Required the deep equal since JS arrays are objects\n            expect(module.func(currentDataArray[pos])).to.deep.equal(\n                expectedData[pos])\n        } else {\n            expect(module.func(currentDataArray[pos])).to.equal(\n                expectedData[pos])\n        }\n    }\n}",
              "err": {},
              "uuid": "63593a1a-3154-492e-b8f0-6a30969024ac",
              "parentUUID": "ed57851e-600b-43dc-8eae-f7dc3959d7ee",
              "isHook": false,
              "skipped": false
            },
            {
              "title": "Regex parameter given as a string",
              "fullTitle": "Words Regex parameter given as a string",
              "timedOut": false,
              "duration": 1,
              "state": "failed",
              "speed": null,
              "pass": false,
              "fail": true,
              "pending": false,
              "context": null,
              "code": "let currentDataArray = module.MODEL.get(testCase)\nlet expectedData = module.EXPECTED.get(testCase)\nlet dataLength = currentDataArray.length\nfor (let pos = 0; pos < dataLength; pos++ ) {\n    if (currentDataArray[pos].length == 3) {\n        let param1 = currentDataArray[pos][0]\n        let param2 = currentDataArray[pos][1]\n        let param3 = currentDataArray[pos][2]\n            \n        expect(module.func(param1, param2, param3)).to.equal(\n            expectedData[pos]\n        )\n    } else if (currentDataArray[pos].length == 2) {\n        let param1 = currentDataArray[pos][0]\n        let param2 = currentDataArray[pos][1]\n        \n        if (module == modules.WORDS) {\n            // Required the deep equal since JS arrays are objects\n            expect(module.func(param1, param2)).to.deep.equal(\n                expectedData[pos])\n        } else {\n            expect(module.func(param1, param2)).to.equal(\n                expectedData[pos])\n        }\n    } else {\n        if (module == modules.WORDS) {\n            // Required the deep equal since JS arrays are objects\n            expect(module.func(currentDataArray[pos])).to.deep.equal(\n                expectedData[pos])\n        } else {\n            expect(module.func(currentDataArray[pos])).to.equal(\n                expectedData[pos])\n        }\n    }\n}",
              "err": {
                "message": "AssertionError: expected [] to deeply equal [ 'fred', 'barney', '&', 'pebbles' ]",
                "estack": "AssertionError: expected [] to deeply equal [ 'fred', 'barney', '&', 'pebbles' ]\n    at Context.<anonymous> (file:///F:/Git/Software%20Testing/COMP.SE.200-2020-assignment/test/string.test.js:153:77)\n    at processImmediate (internal/timers.js:456:21)",
                "diff": "- []\n+ [\n+   \"fred\"\n+   \"barney\"\n+   \"&\"\n+   \"pebbles\"\n+ ]\n"
              },
              "uuid": "d0d0099e-8a27-4a8f-aa86-9b14c3e8ce99",
              "parentUUID": "ed57851e-600b-43dc-8eae-f7dc3959d7ee",
              "isHook": false,
              "skipped": false
            },
            {
              "title": "Valid regex",
              "fullTitle": "Words Valid regex",
              "timedOut": false,
              "duration": 1,
              "state": "passed",
              "speed": "fast",
              "pass": true,
              "fail": false,
              "pending": false,
              "context": null,
              "code": "let currentDataArray = module.MODEL.get(testCase)\nlet expectedData = module.EXPECTED.get(testCase)\nlet dataLength = currentDataArray.length\nfor (let pos = 0; pos < dataLength; pos++ ) {\n    if (currentDataArray[pos].length == 3) {\n        let param1 = currentDataArray[pos][0]\n        let param2 = currentDataArray[pos][1]\n        let param3 = currentDataArray[pos][2]\n            \n        expect(module.func(param1, param2, param3)).to.equal(\n            expectedData[pos]\n        )\n    } else if (currentDataArray[pos].length == 2) {\n        let param1 = currentDataArray[pos][0]\n        let param2 = currentDataArray[pos][1]\n        \n        if (module == modules.WORDS) {\n            // Required the deep equal since JS arrays are objects\n            expect(module.func(param1, param2)).to.deep.equal(\n                expectedData[pos])\n        } else {\n            expect(module.func(param1, param2)).to.equal(\n                expectedData[pos])\n        }\n    } else {\n        if (module == modules.WORDS) {\n            // Required the deep equal since JS arrays are objects\n            expect(module.func(currentDataArray[pos])).to.deep.equal(\n                expectedData[pos])\n        } else {\n            expect(module.func(currentDataArray[pos])).to.equal(\n                expectedData[pos])\n        }\n    }\n}",
              "err": {},
              "uuid": "a994d7e5-5e30-4cc1-b2a5-54a1e5238080",
              "parentUUID": "ed57851e-600b-43dc-8eae-f7dc3959d7ee",
              "isHook": false,
              "skipped": false
            }
          ],
          "suites": [],
          "passes": [
            "63593a1a-3154-492e-b8f0-6a30969024ac",
            "a994d7e5-5e30-4cc1-b2a5-54a1e5238080"
          ],
          "failures": [
            "d0d0099e-8a27-4a8f-aa86-9b14c3e8ce99"
          ],
          "pending": [],
          "skipped": [],
          "duration": 2,
          "root": false,
          "rootEmpty": false,
          "_timeout": 2000
        }
      ],
      "passes": [],
      "failures": [],
      "pending": [],
      "skipped": [],
      "duration": 0,
      "root": true,
      "rootEmpty": true,
      "_timeout": 2000
    }
  ],
  "meta": {
    "mocha": {
      "version": "8.2.1"
    },
    "mochawesome": {
      "options": {
        "quiet": false,
        "reportFilename": "mochawesome",
        "saveHtml": true,
        "saveJson": true,
        "consoleReporter": "spec",
        "useInlineDiffs": false,
        "code": true
      },
      "version": "6.2.1"
    },
    "marge": {
      "options": null,
      "version": "5.1.0"
    }
  }
}